<?xml version="1.0" encoding="UTF-8"?>
<!-- Generated by org.testng.reporters.JUnitReportReporter -->
<testsuite hostname="KiranTandale" failures="0" tests="5" name="testCases.TC003_LoginDDT" time="38.953" errors="0" timestamp="2025-08-14T16:19:38 IST" skipped="0">
  <testcase classname="testCases.TC003_LoginDDT" name="verify_loginDDT" time="14.734"/>
  <testcase classname="testCases.TC003_LoginDDT" name="verify_loginDDT" time="5.952"/>
  <testcase classname="testCases.TC003_LoginDDT" name="verify_loginDDT" time="6.051"/>
  <testcase classname="testCases.TC003_LoginDDT" name="verify_loginDDT" time="6.105"/>
  <testcase classname="testCases.TC003_LoginDDT" name="verify_loginDDT" time="6.111"/>
</testsuite> <!-- testCases.TC003_LoginDDT -->
